==============================================================================
20180129 10:18:07.522 - INFO - + START SUITE: Acceptancetest [ ]
==============================================================================
20180129 10:18:07.600 - INFO - +- START SUITE: Acceptancetest.HelloWorldTests [ ]
==============================================================================
20180129 10:18:07.600 - INFO - +-- START TEST: Say Hello [ ]
------------------------------------------------------------------------------
20180129 10:18:07.600 - INFO - +--- START KW: keywords.CustomKeywords.Greet Everyone [ ]
20180129 10:18:07.615 - INFO - +--- END KW: keywords.CustomKeywords.Greet Everyone (15)
------------------------------------------------------------------------------
20180129 10:18:07.615 - INFO - +-- END TEST: Say Hello (15)
------------------------------------------------------------------------------
20180129 10:18:07.615 - INFO - +-- START TEST: Say Hello In Pig Latin [ ]
------------------------------------------------------------------------------
20180129 10:18:07.631 - INFO - +--- START KW: keywords.CustomKeywords.Reverse Greet Everyone [ ]
20180129 10:18:07.631 - INFO - +--- END KW: keywords.CustomKeywords.Reverse Greet Everyone (0)
------------------------------------------------------------------------------
20180129 10:18:07.631 - INFO - +-- END TEST: Say Hello In Pig Latin (16)
------------------------------------------------------------------------------
20180129 10:18:07.647 - INFO - +-- START TEST: Make Sure You're Saying Hello [ ]
------------------------------------------------------------------------------
20180129 10:18:07.647 - INFO - +--- START KW: keywords.CustomKeywords.Greet Everyone [ ]
20180129 10:18:07.647 - INFO - ${result} = hello world
20180129 10:18:07.647 - INFO - +--- END KW: keywords.CustomKeywords.Greet Everyone (0)
~~~~~~~~~~~~~~~~~~~~~~~~~~~~~~~~~~~~~~~~~~~~~~~~~~~~~~~~~~~~~~~~~~~~~~~~~~~~~~
20180129 10:18:07.647 - INFO - +--- START KW: BuiltIn.Should Be Equal [ ${result} | hello world ]
20180129 10:18:07.662 - INFO - +--- END KW: BuiltIn.Should Be Equal (15)
------------------------------------------------------------------------------
20180129 10:18:07.662 - INFO - +-- END TEST: Make Sure You're Saying Hello (31)
------------------------------------------------------------------------------
20180129 10:18:07.662 - INFO - +-- START TEST: Make A Test That Fails [ ]
------------------------------------------------------------------------------
20180129 10:18:07.678 - INFO - +--- START KW: keywords.CustomKeywords.Reverse Greet Everyone [ ]
20180129 10:18:07.678 - INFO - ${result} = dlrow olleh
20180129 10:18:07.678 - INFO - +--- END KW: keywords.CustomKeywords.Reverse Greet Everyone (0)
~~~~~~~~~~~~~~~~~~~~~~~~~~~~~~~~~~~~~~~~~~~~~~~~~~~~~~~~~~~~~~~~~~~~~~~~~~~~~~
20180129 10:18:07.694 - INFO - +--- START KW: BuiltIn.Should Be Equal [ ${result} | dlrow olleh ]
20180129 10:18:07.694 - INFO - +--- END KW: BuiltIn.Should Be Equal (0)
------------------------------------------------------------------------------
20180129 10:18:07.709 - INFO - +-- END TEST: Make A Test That Fails (32)
------------------------------------------------------------------------------
20180129 10:18:07.709 - INFO - +- END SUITE: Acceptancetest.HelloWorldTests (187)
==============================================================================
20180129 10:18:07.725 - INFO - + END SUITE: Acceptancetest (563)
==============================================================================
